#! /usr/local/iverilog/bin/vvp
:ivl_version "11.0 (devel)";
:ivl_delay_selection "TYPICAL";
:vpi_time_precision + 0;
:vpi_module "C:\iverilog\lib\ivl\system.vpi";
:vpi_module "C:\iverilog\lib\ivl\vhdl_sys.vpi";
:vpi_module "C:\iverilog\lib\ivl\vhdl_textio.vpi";
:vpi_module "C:\iverilog\lib\ivl\v2005_math.vpi";
:vpi_module "C:\iverilog\lib\ivl\va_math.vpi";
S_0000000000f32f30 .scope module, "Mux_gen" "Mux_gen" 2 1;
 .timescale 0 0;
    .port_info 0 /INPUT 1 "a";
    .port_info 1 /INPUT 1 "b";
    .port_info 2 /OUTPUT 1 "f";
    .port_info 3 /INPUT 1 "sel";
v0000000000f330c0_0 .net *"_ivl_0", 31 0, L_000000000104e920;  1 drivers
L_0000000000fabfc8 .functor BUFT 1, C4<0000000000000000000000000000000>, C4<0>, C4<0>, C4<0>;
v0000000000f33160_0 .net *"_ivl_3", 30 0, L_0000000000fabfc8;  1 drivers
L_0000000000fac010 .functor BUFT 1, C4<00000000000000000000000000000000>, C4<0>, C4<0>, C4<0>;
v0000000000f33200_0 .net/2u *"_ivl_4", 31 0, L_0000000000fac010;  1 drivers
v0000000000f332a0_0 .net *"_ivl_6", 0 0, L_000000000104e9c0;  1 drivers
o0000000000f67018 .functor BUFZ 1, C4<z>; HiZ drive
v0000000000f33340_0 .net "a", 0 0, o0000000000f67018;  0 drivers
o0000000000f67048 .functor BUFZ 1, C4<z>; HiZ drive
v000000000104e740_0 .net "b", 0 0, o0000000000f67048;  0 drivers
v000000000104e7e0_0 .net "f", 0 0, L_000000000104ea60;  1 drivers
o0000000000f670a8 .functor BUFZ 1, C4<z>; HiZ drive
v000000000104e880_0 .net "sel", 0 0, o0000000000f670a8;  0 drivers
L_000000000104e920 .concat [ 1 31 0 0], o0000000000f670a8, L_0000000000fabfc8;
L_000000000104e9c0 .cmp/eq 32, L_000000000104e920, L_0000000000fac010;
L_000000000104ea60 .functor MUXZ 1, o0000000000f67048, o0000000000f67018, L_000000000104e9c0, C4<>;
# The file index is used to find the file name in the following table.
:file_names 3;
    "N/A";
    "<interactive>";
    "Mux_Gen.v";
