#! /usr/local/iverilog/bin/vvp
:ivl_version "11.0 (devel)";
:ivl_delay_selection "TYPICAL";
:vpi_time_precision - 9;
:vpi_module "C:\iverilog\lib\ivl\system.vpi";
:vpi_module "C:\iverilog\lib\ivl\vhdl_sys.vpi";
:vpi_module "C:\iverilog\lib\ivl\vhdl_textio.vpi";
:vpi_module "C:\iverilog\lib\ivl\v2005_math.vpi";
:vpi_module "C:\iverilog\lib\ivl\va_math.vpi";
S_000000000128a9b0 .scope module, "F_ADD_tb" "F_ADD_tb" 2 3;
 .timescale -9 -9;
v00000000008de6f0_0 .var "A", 0 0;
v00000000008de330_0 .var "B", 0 0;
v00000000008dd890_0 .var "C", 0 0;
v00000000008ddcf0_0 .net "O", 0 0, L_0000000000893d00;  1 drivers
v00000000008ddb10_0 .net "S", 0 0, L_0000000000893ec0;  1 drivers
S_0000000000895ad0 .scope module, "uut" "F_ADD" 2 6, 3 1 0, S_000000000128a9b0;
 .timescale -9 -9;
    .port_info 0 /INPUT 1 "A";
    .port_info 1 /INPUT 1 "B";
    .port_info 2 /INPUT 1 "C";
    .port_info 3 /OUTPUT 1 "S";
    .port_info 4 /OUTPUT 1 "O";
L_000000000128a820 .functor XOR 1, v00000000008de6f0_0, v00000000008de330_0, C4<0>, C4<0>;
L_0000000000893ec0 .functor XOR 1, L_000000000128a820, v00000000008dd890_0, C4<0>, C4<0>;
L_0000000000893c90 .functor AND 1, v00000000008de6f0_0, v00000000008de330_0, C4<1>, C4<1>;
L_00000000008939f0 .functor XOR 1, v00000000008de6f0_0, v00000000008de330_0, C4<0>, C4<0>;
L_0000000000893c20 .functor AND 1, v00000000008dd890_0, L_00000000008939f0, C4<1>, C4<1>;
L_0000000000893d00 .functor OR 1, L_0000000000893c90, L_0000000000893c20, C4<0>, C4<0>;
v0000000001288a00_0 .net "A", 0 0, v00000000008de6f0_0;  1 drivers
v0000000000863390_0 .net "B", 0 0, v00000000008de330_0;  1 drivers
v000000000128a780_0 .net "C", 0 0, v00000000008dd890_0;  1 drivers
v000000000128c330_0 .net "O", 0 0, L_0000000000893d00;  alias, 1 drivers
v000000000128c3d0_0 .net "S", 0 0, L_0000000000893ec0;  alias, 1 drivers
v0000000000895c60_0 .net *"_ivl_0", 0 0, L_000000000128a820;  1 drivers
v0000000000895d00_0 .net *"_ivl_4", 0 0, L_0000000000893c90;  1 drivers
v0000000000895da0_0 .net *"_ivl_6", 0 0, L_00000000008939f0;  1 drivers
v0000000000895e40_0 .net *"_ivl_8", 0 0, L_0000000000893c20;  1 drivers
    .scope S_000000000128a9b0;
T_0 ;
    %vpi_call 2 8 "$dumpfile", "F_ADD_tb.vcd" {0 0 0};
    %vpi_call 2 9 "$dumpvars", 32'sb00000000000000000000000000000010, S_000000000128a9b0 {0 0 0};
    %pushi/vec4 0, 0, 1;
    %store/vec4 v00000000008de6f0_0, 0, 1;
    %pushi/vec4 0, 0, 1;
    %store/vec4 v00000000008de330_0, 0, 1;
    %pushi/vec4 0, 0, 1;
    %store/vec4 v00000000008dd890_0, 0, 1;
    %delay 20, 0;
    %pushi/vec4 0, 0, 1;
    %store/vec4 v00000000008de6f0_0, 0, 1;
    %pushi/vec4 0, 0, 1;
    %store/vec4 v00000000008de330_0, 0, 1;
    %pushi/vec4 1, 0, 1;
    %store/vec4 v00000000008dd890_0, 0, 1;
    %delay 20, 0;
    %pushi/vec4 0, 0, 1;
    %store/vec4 v00000000008de6f0_0, 0, 1;
    %pushi/vec4 1, 0, 1;
    %store/vec4 v00000000008de330_0, 0, 1;
    %pushi/vec4 0, 0, 1;
    %store/vec4 v00000000008dd890_0, 0, 1;
    %delay 20, 0;
    %pushi/vec4 0, 0, 1;
    %store/vec4 v00000000008de6f0_0, 0, 1;
    %pushi/vec4 1, 0, 1;
    %store/vec4 v00000000008de330_0, 0, 1;
    %pushi/vec4 1, 0, 1;
    %store/vec4 v00000000008dd890_0, 0, 1;
    %delay 20, 0;
    %pushi/vec4 1, 0, 1;
    %store/vec4 v00000000008de6f0_0, 0, 1;
    %pushi/vec4 0, 0, 1;
    %store/vec4 v00000000008de330_0, 0, 1;
    %pushi/vec4 0, 0, 1;
    %store/vec4 v00000000008dd890_0, 0, 1;
    %delay 20, 0;
    %pushi/vec4 1, 0, 1;
    %store/vec4 v00000000008de6f0_0, 0, 1;
    %pushi/vec4 0, 0, 1;
    %store/vec4 v00000000008de330_0, 0, 1;
    %pushi/vec4 1, 0, 1;
    %store/vec4 v00000000008dd890_0, 0, 1;
    %delay 20, 0;
    %pushi/vec4 1, 0, 1;
    %store/vec4 v00000000008de6f0_0, 0, 1;
    %pushi/vec4 1, 0, 1;
    %store/vec4 v00000000008de330_0, 0, 1;
    %pushi/vec4 0, 0, 1;
    %store/vec4 v00000000008dd890_0, 0, 1;
    %delay 20, 0;
    %pushi/vec4 1, 0, 1;
    %store/vec4 v00000000008de6f0_0, 0, 1;
    %pushi/vec4 1, 0, 1;
    %store/vec4 v00000000008de330_0, 0, 1;
    %pushi/vec4 1, 0, 1;
    %store/vec4 v00000000008dd890_0, 0, 1;
    %delay 20, 0;
    %vpi_call 2 43 "$display", "test Done" {0 0 0};
    %end;
    .thread T_0;
# The file index is used to find the file name in the following table.
:file_names 4;
    "N/A";
    "<interactive>";
    "F_ADD_tb.v";
    "./F_ADD.v";
