#! /usr/local/iverilog/bin/vvp
:ivl_version "11.0 (devel)";
:ivl_delay_selection "TYPICAL";
:vpi_time_precision + 0;
:vpi_module "C:\iverilog\lib\ivl\system.vpi";
:vpi_module "C:\iverilog\lib\ivl\vhdl_sys.vpi";
:vpi_module "C:\iverilog\lib\ivl\vhdl_textio.vpi";
:vpi_module "C:\iverilog\lib\ivl\v2005_math.vpi";
:vpi_module "C:\iverilog\lib\ivl\va_math.vpi";
S_0000000000fe2f30 .scope module, "F_ADD" "F_ADD" 2 1;
 .timescale 0 0;
    .port_info 0 /INPUT 1 "A";
    .port_info 1 /INPUT 1 "B";
    .port_info 2 /INPUT 1 "C";
    .port_info 3 /OUTPUT 1 "S";
    .port_info 4 /OUTPUT 1 "O";
o0000000001016fb8 .functor BUFZ 1, C4<z>; HiZ drive
o0000000001016fe8 .functor BUFZ 1, C4<z>; HiZ drive
L_0000000000fcef50 .functor XOR 1, o0000000001016fb8, o0000000001016fe8, C4<0>, C4<0>;
o0000000001017018 .functor BUFZ 1, C4<z>; HiZ drive
L_0000000000fca760 .functor XOR 1, L_0000000000fcef50, o0000000001017018, C4<0>, C4<0>;
L_0000000000fe39f0 .functor AND 1, o0000000001016fb8, o0000000001016fe8, C4<1>, C4<1>;
L_0000000001010d10 .functor XOR 1, o0000000001016fb8, o0000000001016fe8, C4<0>, C4<0>;
L_0000000001010d80 .functor AND 1, o0000000001017018, L_0000000001010d10, C4<1>, C4<1>;
L_0000000001010df0 .functor OR 1, L_0000000000fe39f0, L_0000000001010d80, C4<0>, C4<0>;
v0000000000fca6c0_0 .net "A", 0 0, o0000000001016fb8;  0 drivers
v0000000000fced70_0 .net "B", 0 0, o0000000001016fe8;  0 drivers
v0000000000fcee10_0 .net "C", 0 0, o0000000001017018;  0 drivers
v0000000000fceeb0_0 .net "O", 0 0, L_0000000001010df0;  1 drivers
v0000000000fe30c0_0 .net "S", 0 0, L_0000000000fca760;  1 drivers
v0000000000fe3160_0 .net *"_ivl_0", 0 0, L_0000000000fcef50;  1 drivers
v0000000000fe3200_0 .net *"_ivl_4", 0 0, L_0000000000fe39f0;  1 drivers
v0000000000fe32a0_0 .net *"_ivl_6", 0 0, L_0000000001010d10;  1 drivers
v0000000000fe3340_0 .net *"_ivl_8", 0 0, L_0000000001010d80;  1 drivers
# The file index is used to find the file name in the following table.
:file_names 3;
    "N/A";
    "<interactive>";
    "F_ADD.v";
